[2017-03-07 14:21:04] production.ERROR: ErrorException: file_put_contents(/var/www/simpathy/bootstrap/cache/services.php): failed to open stream: No such file or directory in /var/www/simpathy/vendor/laravel/framework/src/Illuminate/Filesystem/Filesystem.php:111
Stack trace:
#0 [internal function]: Illuminate\Foundation\Bootstrap\HandleExceptions->handleError(2, 'file_put_conten...', '/var/www/simpat...', 111, Array)
#1 /var/www/simpathy/vendor/laravel/framework/src/Illuminate/Filesystem/Filesystem.php(111): file_put_contents('/var/www/simpat...', '<?php return ar...', 0)
#2 /var/www/simpathy/vendor/laravel/framework/src/Illuminate/Foundation/ProviderRepository.php(187): Illuminate\Filesystem\Filesystem->put('/var/www/simpat...', '<?php return ar...')
#3 /var/www/simpathy/vendor/laravel/framework/src/Illuminate/Foundation/ProviderRepository.php(164): Illuminate\Foundation\ProviderRepository->writeManifest(Array)
#4 /var/www/simpathy/vendor/laravel/framework/src/Illuminate/Foundation/ProviderRepository.php(60): Illuminate\Foundation\ProviderRepository->compileManifest(Array)
#5 /var/www/simpathy/vendor/laravel/framework/src/Illuminate/Foundation/Application.php(543): Illuminate\Foundation\ProviderRepository->load(Array)
#6 /var/www/simpathy/vendor/laravel/framework/src/Illuminate/Foundation/Bootstrap/RegisterProviders.php(17): Illuminate\Foundation\Application->registerConfiguredProviders()
#7 /var/www/simpathy/vendor/laravel/framework/src/Illuminate/Foundation/Application.php(208): Illuminate\Foundation\Bootstrap\RegisterProviders->bootstrap(Object(Illuminate\Foundation\Application))
#8 /var/www/simpathy/vendor/laravel/framework/src/Illuminate/Foundation/Console/Kernel.php(270): Illuminate\Foundation\Application->bootstrapWith(Array)
#9 /var/www/simpathy/vendor/laravel/framework/src/Illuminate/Foundation/Console/Kernel.php(115): Illuminate\Foundation\Console\Kernel->bootstrap()
#10 /var/www/simpathy/artisan(35): Illuminate\Foundation\Console\Kernel->handle(Object(Symfony\Component\Console\Input\ArgvInput), Object(Symfony\Component\Console\Output\ConsoleOutput))
#11 {main}  
[2017-03-07 14:22:11] production.ERROR: InvalidArgumentException: Please provide a valid cache path. in /var/www/simpathy/vendor/laravel/framework/src/Illuminate/View/Compilers/Compiler.php:36
Stack trace:
#0 /var/www/simpathy/vendor/laravel/framework/src/Illuminate/View/ViewServiceProvider.php(128): Illuminate\View\Compilers\Compiler->__construct(Object(Illuminate\Filesystem\Filesystem), false)
#1 /var/www/simpathy/vendor/laravel/framework/src/Illuminate/Container/Container.php(678): Illuminate\View\ViewServiceProvider->Illuminate\View\{closure}(Object(Illuminate\Foundation\Application))
#2 /var/www/simpathy/vendor/laravel/framework/src/Illuminate/Container/Container.php(565): Illuminate\Container\Container->build(Object(Closure))
#3 /var/www/simpathy/vendor/laravel/framework/src/Illuminate/Foundation/Application.php(702): Illuminate\Container\Container->make('blade.compiler')
#4 /var/www/simpathy/vendor/laravel/framework/src/Illuminate/Container/Container.php(1070): Illuminate\Foundation\Application->make('blade.compiler')
#5 /var/www/simpathy/vendor/laravel/framework/src/Illuminate/View/ViewServiceProvider.php(133): Illuminate\Container\Container->offsetGet('blade.compiler')
#6 [internal function]: Illuminate\View\ViewServiceProvider->Illuminate\View\{closure}()
#7 /var/www/simpathy/vendor/laravel/framework/src/Illuminate/View/Engines/EngineResolver.php(54): call_user_func(Object(Closure))
#8 /var/www/simpathy/vendor/laravel/framework/src/Illuminate/Support/Facades/Blade.php(17): Illuminate\View\Engines\EngineResolver->resolve('blade')
#9 /var/www/simpathy/vendor/laravel/framework/src/Illuminate/Support/Facades/Facade.php(128): Illuminate\Support\Facades\Blade::getFacadeAccessor()
#10 /var/www/simpathy/vendor/laravel/framework/src/Illuminate/Support/Facades/Facade.php(215): Illuminate\Support\Facades\Facade::getFacadeRoot()
#11 /var/www/simpathy/vendor/santigarcor/laratrust/src/Laratrust/LaratrustRegistersBladeDirectives.php(39): Illuminate\Support\Facades\Facade::__callStatic('directive', Array)
#12 /var/www/simpathy/vendor/santigarcor/laratrust/src/Laratrust/LaratrustRegistersBladeDirectives.php(22): Laratrust\LaratrustRegistersBladeDirectives->registerWithParenthesis()
#13 /var/www/simpathy/vendor/santigarcor/laratrust/src/Laratrust/LaratrustServiceProvider.php(82): Laratrust\LaratrustRegistersBladeDirectives->handle('5.4.15')
#14 /var/www/simpathy/vendor/santigarcor/laratrust/src/Laratrust/LaratrustServiceProvider.php(56): Laratrust\LaratrustServiceProvider->registerBladeDirectives()
#15 [internal function]: Laratrust\LaratrustServiceProvider->boot()
#16 /var/www/simpathy/vendor/laravel/framework/src/Illuminate/Container/BoundMethod.php(29): call_user_func_array(Array, Array)
#17 /var/www/simpathy/vendor/laravel/framework/src/Illuminate/Container/BoundMethod.php(87): Illuminate\Container\BoundMethod::Illuminate\Container\{closure}()
#18 /var/www/simpathy/vendor/laravel/framework/src/Illuminate/Container/BoundMethod.php(31): Illuminate\Container\BoundMethod::callBoundMethod(Object(Illuminate\Foundation\Application), Array, Object(Closure))
#19 /var/www/simpathy/vendor/laravel/framework/src/Illuminate/Container/Container.php(524): Illuminate\Container\BoundMethod::call(Object(Illuminate\Foundation\Application), Array, Array, NULL)
#20 /var/www/simpathy/vendor/laravel/framework/src/Illuminate/Foundation/Application.php(762): Illuminate\Container\Container->call(Array)
#21 /var/www/simpathy/vendor/laravel/framework/src/Illuminate/Foundation/Application.php(745): Illuminate\Foundation\Application->bootProvider(Object(Laratrust\LaratrustServiceProvider))
#22 [internal function]: Illuminate\Foundation\Application->Illuminate\Foundation\{closure}(Object(Laratrust\LaratrustServiceProvider), 20)
#23 /var/www/simpathy/vendor/laravel/framework/src/Illuminate/Foundation/Application.php(746): array_walk(Array, Object(Closure))
#24 /var/www/simpathy/vendor/laravel/framework/src/Illuminate/Foundation/Bootstrap/BootProviders.php(17): Illuminate\Foundation\Application->boot()
#25 /var/www/simpathy/vendor/laravel/framework/src/Illuminate/Foundation/Application.php(208): Illuminate\Foundation\Bootstrap\BootProviders->bootstrap(Object(Illuminate\Foundation\Application))
#26 /var/www/simpathy/vendor/laravel/framework/src/Illuminate/Foundation/Console/Kernel.php(270): Illuminate\Foundation\Application->bootstrapWith(Array)
#27 /var/www/simpathy/vendor/laravel/framework/src/Illuminate/Foundation/Console/Kernel.php(115): Illuminate\Foundation\Console\Kernel->bootstrap()
#28 /var/www/simpathy/artisan(35): Illuminate\Foundation\Console\Kernel->handle(Object(Symfony\Component\Console\Input\ArgvInput), Object(Symfony\Component\Console\Output\ConsoleOutput))
#29 {main}  
[2017-03-07 14:23:15] production.ERROR: InvalidArgumentException: Please provide a valid cache path. in /var/www/simpathy/vendor/laravel/framework/src/Illuminate/View/Compilers/Compiler.php:36
Stack trace:
#0 /var/www/simpathy/vendor/laravel/framework/src/Illuminate/View/ViewServiceProvider.php(128): Illuminate\View\Compilers\Compiler->__construct(Object(Illuminate\Filesystem\Filesystem), false)
#1 /var/www/simpathy/vendor/laravel/framework/src/Illuminate/Container/Container.php(678): Illuminate\View\ViewServiceProvider->Illuminate\View\{closure}(Object(Illuminate\Foundation\Application))
#2 /var/www/simpathy/vendor/laravel/framework/src/Illuminate/Container/Container.php(565): Illuminate\Container\Container->build(Object(Closure))
#3 /var/www/simpathy/vendor/laravel/framework/src/Illuminate/Foundation/Application.php(702): Illuminate\Container\Container->make('blade.compiler')
#4 /var/www/simpathy/vendor/laravel/framework/src/Illuminate/Container/Container.php(1070): Illuminate\Foundation\Application->make('blade.compiler')
#5 /var/www/simpathy/vendor/laravel/framework/src/Illuminate/View/ViewServiceProvider.php(133): Illuminate\Container\Container->offsetGet('blade.compiler')
#6 [internal function]: Illuminate\View\ViewServiceProvider->Illuminate\View\{closure}()
#7 /var/www/simpathy/vendor/laravel/framework/src/Illuminate/View/Engines/EngineResolver.php(54): call_user_func(Object(Closure))
#8 /var/www/simpathy/vendor/laravel/framework/src/Illuminate/Support/Facades/Blade.php(17): Illuminate\View\Engines\EngineResolver->resolve('blade')
#9 /var/www/simpathy/vendor/laravel/framework/src/Illuminate/Support/Facades/Facade.php(128): Illuminate\Support\Facades\Blade::getFacadeAccessor()
#10 /var/www/simpathy/vendor/laravel/framework/src/Illuminate/Support/Facades/Facade.php(215): Illuminate\Support\Facades\Facade::getFacadeRoot()
#11 /var/www/simpathy/vendor/santigarcor/laratrust/src/Laratrust/LaratrustRegistersBladeDirectives.php(39): Illuminate\Support\Facades\Facade::__callStatic('directive', Array)
#12 /var/www/simpathy/vendor/santigarcor/laratrust/src/Laratrust/LaratrustRegistersBladeDirectives.php(22): Laratrust\LaratrustRegistersBladeDirectives->registerWithParenthesis()
#13 /var/www/simpathy/vendor/santigarcor/laratrust/src/Laratrust/LaratrustServiceProvider.php(82): Laratrust\LaratrustRegistersBladeDirectives->handle('5.4.15')
#14 /var/www/simpathy/vendor/santigarcor/laratrust/src/Laratrust/LaratrustServiceProvider.php(56): Laratrust\LaratrustServiceProvider->registerBladeDirectives()
#15 [internal function]: Laratrust\LaratrustServiceProvider->boot()
#16 /var/www/simpathy/vendor/laravel/framework/src/Illuminate/Container/BoundMethod.php(29): call_user_func_array(Array, Array)
#17 /var/www/simpathy/vendor/laravel/framework/src/Illuminate/Container/BoundMethod.php(87): Illuminate\Container\BoundMethod::Illuminate\Container\{closure}()
#18 /var/www/simpathy/vendor/laravel/framework/src/Illuminate/Container/BoundMethod.php(31): Illuminate\Container\BoundMethod::callBoundMethod(Object(Illuminate\Foundation\Application), Array, Object(Closure))
#19 /var/www/simpathy/vendor/laravel/framework/src/Illuminate/Container/Container.php(524): Illuminate\Container\BoundMethod::call(Object(Illuminate\Foundation\Application), Array, Array, NULL)
#20 /var/www/simpathy/vendor/laravel/framework/src/Illuminate/Foundation/Application.php(762): Illuminate\Container\Container->call(Array)
#21 /var/www/simpathy/vendor/laravel/framework/src/Illuminate/Foundation/Application.php(745): Illuminate\Foundation\Application->bootProvider(Object(Laratrust\LaratrustServiceProvider))
#22 [internal function]: Illuminate\Foundation\Application->Illuminate\Foundation\{closure}(Object(Laratrust\LaratrustServiceProvider), 20)
#23 /var/www/simpathy/vendor/laravel/framework/src/Illuminate/Foundation/Application.php(746): array_walk(Array, Object(Closure))
#24 /var/www/simpathy/vendor/laravel/framework/src/Illuminate/Foundation/Bootstrap/BootProviders.php(17): Illuminate\Foundation\Application->boot()
#25 /var/www/simpathy/vendor/laravel/framework/src/Illuminate/Foundation/Application.php(208): Illuminate\Foundation\Bootstrap\BootProviders->bootstrap(Object(Illuminate\Foundation\Application))
#26 /var/www/simpathy/vendor/laravel/framework/src/Illuminate/Foundation/Console/Kernel.php(270): Illuminate\Foundation\Application->bootstrapWith(Array)
#27 /var/www/simpathy/vendor/laravel/framework/src/Illuminate/Foundation/Console/Kernel.php(115): Illuminate\Foundation\Console\Kernel->bootstrap()
#28 /var/www/simpathy/artisan(35): Illuminate\Foundation\Console\Kernel->handle(Object(Symfony\Component\Console\Input\ArgvInput), Object(Symfony\Component\Console\Output\ConsoleOutput))
#29 {main}  
[2017-03-07 14:28:41] production.ERROR: InvalidArgumentException: Please provide a valid cache path. in /var/www/simpathy/vendor/laravel/framework/src/Illuminate/View/Compilers/Compiler.php:36
Stack trace:
#0 /var/www/simpathy/vendor/laravel/framework/src/Illuminate/View/ViewServiceProvider.php(128): Illuminate\View\Compilers\Compiler->__construct(Object(Illuminate\Filesystem\Filesystem), false)
#1 /var/www/simpathy/vendor/laravel/framework/src/Illuminate/Container/Container.php(678): Illuminate\View\ViewServiceProvider->Illuminate\View\{closure}(Object(Illuminate\Foundation\Application))
#2 /var/www/simpathy/vendor/laravel/framework/src/Illuminate/Container/Container.php(565): Illuminate\Container\Container->build(Object(Closure))
#3 /var/www/simpathy/vendor/laravel/framework/src/Illuminate/Foundation/Application.php(702): Illuminate\Container\Container->make('blade.compiler')
#4 /var/www/simpathy/vendor/laravel/framework/src/Illuminate/Container/Container.php(1070): Illuminate\Foundation\Application->make('blade.compiler')
#5 /var/www/simpathy/vendor/laravel/framework/src/Illuminate/View/ViewServiceProvider.php(133): Illuminate\Container\Container->offsetGet('blade.compiler')
#6 [internal function]: Illuminate\View\ViewServiceProvider->Illuminate\View\{closure}()
#7 /var/www/simpathy/vendor/laravel/framework/src/Illuminate/View/Engines/EngineResolver.php(54): call_user_func(Object(Closure))
#8 /var/www/simpathy/vendor/laravel/framework/src/Illuminate/Support/Facades/Blade.php(17): Illuminate\View\Engines\EngineResolver->resolve('blade')
#9 /var/www/simpathy/vendor/laravel/framework/src/Illuminate/Support/Facades/Facade.php(128): Illuminate\Support\Facades\Blade::getFacadeAccessor()
#10 /var/www/simpathy/vendor/laravel/framework/src/Illuminate/Support/Facades/Facade.php(215): Illuminate\Support\Facades\Facade::getFacadeRoot()
#11 /var/www/simpathy/vendor/santigarcor/laratrust/src/Laratrust/LaratrustRegistersBladeDirectives.php(39): Illuminate\Support\Facades\Facade::__callStatic('directive', Array)
#12 /var/www/simpathy/vendor/santigarcor/laratrust/src/Laratrust/LaratrustRegistersBladeDirectives.php(22): Laratrust\LaratrustRegistersBladeDirectives->registerWithParenthesis()
#13 /var/www/simpathy/vendor/santigarcor/laratrust/src/Laratrust/LaratrustServiceProvider.php(82): Laratrust\LaratrustRegistersBladeDirectives->handle('5.4.15')
#14 /var/www/simpathy/vendor/santigarcor/laratrust/src/Laratrust/LaratrustServiceProvider.php(56): Laratrust\LaratrustServiceProvider->registerBladeDirectives()
#15 [internal function]: Laratrust\LaratrustServiceProvider->boot()
#16 /var/www/simpathy/vendor/laravel/framework/src/Illuminate/Container/BoundMethod.php(29): call_user_func_array(Array, Array)
#17 /var/www/simpathy/vendor/laravel/framework/src/Illuminate/Container/BoundMethod.php(87): Illuminate\Container\BoundMethod::Illuminate\Container\{closure}()
#18 /var/www/simpathy/vendor/laravel/framework/src/Illuminate/Container/BoundMethod.php(31): Illuminate\Container\BoundMethod::callBoundMethod(Object(Illuminate\Foundation\Application), Array, Object(Closure))
#19 /var/www/simpathy/vendor/laravel/framework/src/Illuminate/Container/Container.php(524): Illuminate\Container\BoundMethod::call(Object(Illuminate\Foundation\Application), Array, Array, NULL)
#20 /var/www/simpathy/vendor/laravel/framework/src/Illuminate/Foundation/Application.php(762): Illuminate\Container\Container->call(Array)
#21 /var/www/simpathy/vendor/laravel/framework/src/Illuminate/Foundation/Application.php(745): Illuminate\Foundation\Application->bootProvider(Object(Laratrust\LaratrustServiceProvider))
#22 [internal function]: Illuminate\Foundation\Application->Illuminate\Foundation\{closure}(Object(Laratrust\LaratrustServiceProvider), 20)
#23 /var/www/simpathy/vendor/laravel/framework/src/Illuminate/Foundation/Application.php(746): array_walk(Array, Object(Closure))
#24 /var/www/simpathy/vendor/laravel/framework/src/Illuminate/Foundation/Bootstrap/BootProviders.php(17): Illuminate\Foundation\Application->boot()
#25 /var/www/simpathy/vendor/laravel/framework/src/Illuminate/Foundation/Application.php(208): Illuminate\Foundation\Bootstrap\BootProviders->bootstrap(Object(Illuminate\Foundation\Application))
#26 /var/www/simpathy/vendor/laravel/framework/src/Illuminate/Foundation/Console/Kernel.php(270): Illuminate\Foundation\Application->bootstrapWith(Array)
#27 /var/www/simpathy/vendor/laravel/framework/src/Illuminate/Foundation/Console/Kernel.php(115): Illuminate\Foundation\Console\Kernel->bootstrap()
#28 /var/www/simpathy/artisan(35): Illuminate\Foundation\Console\Kernel->handle(Object(Symfony\Component\Console\Input\ArgvInput), Object(Symfony\Component\Console\Output\ConsoleOutput))
#29 {main}  
[2017-03-07 14:29:25] production.ERROR: InvalidArgumentException: Please provide a valid cache path. in /var/www/simpathy/vendor/laravel/framework/src/Illuminate/View/Compilers/Compiler.php:36
Stack trace:
#0 /var/www/simpathy/vendor/laravel/framework/src/Illuminate/View/ViewServiceProvider.php(128): Illuminate\View\Compilers\Compiler->__construct(Object(Illuminate\Filesystem\Filesystem), false)
#1 /var/www/simpathy/vendor/laravel/framework/src/Illuminate/Container/Container.php(678): Illuminate\View\ViewServiceProvider->Illuminate\View\{closure}(Object(Illuminate\Foundation\Application))
#2 /var/www/simpathy/vendor/laravel/framework/src/Illuminate/Container/Container.php(565): Illuminate\Container\Container->build(Object(Closure))
#3 /var/www/simpathy/vendor/laravel/framework/src/Illuminate/Foundation/Application.php(702): Illuminate\Container\Container->make('blade.compiler')
#4 /var/www/simpathy/vendor/laravel/framework/src/Illuminate/Container/Container.php(1070): Illuminate\Foundation\Application->make('blade.compiler')
#5 /var/www/simpathy/vendor/laravel/framework/src/Illuminate/View/ViewServiceProvider.php(133): Illuminate\Container\Container->offsetGet('blade.compiler')
#6 [internal function]: Illuminate\View\ViewServiceProvider->Illuminate\View\{closure}()
#7 /var/www/simpathy/vendor/laravel/framework/src/Illuminate/View/Engines/EngineResolver.php(54): call_user_func(Object(Closure))
#8 /var/www/simpathy/vendor/laravel/framework/src/Illuminate/Support/Facades/Blade.php(17): Illuminate\View\Engines\EngineResolver->resolve('blade')
#9 /var/www/simpathy/vendor/laravel/framework/src/Illuminate/Support/Facades/Facade.php(128): Illuminate\Support\Facades\Blade::getFacadeAccessor()
#10 /var/www/simpathy/vendor/laravel/framework/src/Illuminate/Support/Facades/Facade.php(215): Illuminate\Support\Facades\Facade::getFacadeRoot()
#11 /var/www/simpathy/vendor/santigarcor/laratrust/src/Laratrust/LaratrustRegistersBladeDirectives.php(39): Illuminate\Support\Facades\Facade::__callStatic('directive', Array)
#12 /var/www/simpathy/vendor/santigarcor/laratrust/src/Laratrust/LaratrustRegistersBladeDirectives.php(22): Laratrust\LaratrustRegistersBladeDirectives->registerWithParenthesis()
#13 /var/www/simpathy/vendor/santigarcor/laratrust/src/Laratrust/LaratrustServiceProvider.php(82): Laratrust\LaratrustRegistersBladeDirectives->handle('5.4.15')
#14 /var/www/simpathy/vendor/santigarcor/laratrust/src/Laratrust/LaratrustServiceProvider.php(56): Laratrust\LaratrustServiceProvider->registerBladeDirectives()
#15 [internal function]: Laratrust\LaratrustServiceProvider->boot()
#16 /var/www/simpathy/vendor/laravel/framework/src/Illuminate/Container/BoundMethod.php(29): call_user_func_array(Array, Array)
#17 /var/www/simpathy/vendor/laravel/framework/src/Illuminate/Container/BoundMethod.php(87): Illuminate\Container\BoundMethod::Illuminate\Container\{closure}()
#18 /var/www/simpathy/vendor/laravel/framework/src/Illuminate/Container/BoundMethod.php(31): Illuminate\Container\BoundMethod::callBoundMethod(Object(Illuminate\Foundation\Application), Array, Object(Closure))
#19 /var/www/simpathy/vendor/laravel/framework/src/Illuminate/Container/Container.php(524): Illuminate\Container\BoundMethod::call(Object(Illuminate\Foundation\Application), Array, Array, NULL)
#20 /var/www/simpathy/vendor/laravel/framework/src/Illuminate/Foundation/Application.php(762): Illuminate\Container\Container->call(Array)
#21 /var/www/simpathy/vendor/laravel/framework/src/Illuminate/Foundation/Application.php(745): Illuminate\Foundation\Application->bootProvider(Object(Laratrust\LaratrustServiceProvider))
#22 [internal function]: Illuminate\Foundation\Application->Illuminate\Foundation\{closure}(Object(Laratrust\LaratrustServiceProvider), 20)
#23 /var/www/simpathy/vendor/laravel/framework/src/Illuminate/Foundation/Application.php(746): array_walk(Array, Object(Closure))
#24 /var/www/simpathy/vendor/laravel/framework/src/Illuminate/Foundation/Bootstrap/BootProviders.php(17): Illuminate\Foundation\Application->boot()
#25 /var/www/simpathy/vendor/laravel/framework/src/Illuminate/Foundation/Application.php(208): Illuminate\Foundation\Bootstrap\BootProviders->bootstrap(Object(Illuminate\Foundation\Application))
#26 /var/www/simpathy/vendor/laravel/framework/src/Illuminate/Foundation/Console/Kernel.php(270): Illuminate\Foundation\Application->bootstrapWith(Array)
#27 /var/www/simpathy/vendor/laravel/framework/src/Illuminate/Foundation/Console/Kernel.php(115): Illuminate\Foundation\Console\Kernel->bootstrap()
#28 /var/www/simpathy/artisan(35): Illuminate\Foundation\Console\Kernel->handle(Object(Symfony\Component\Console\Input\ArgvInput), Object(Symfony\Component\Console\Output\ConsoleOutput))
#29 {main}  
[2017-03-07 14:30:13] production.ERROR: InvalidArgumentException: Please provide a valid cache path. in /var/www/simpathy/vendor/laravel/framework/src/Illuminate/View/Compilers/Compiler.php:36
Stack trace:
#0 /var/www/simpathy/vendor/laravel/framework/src/Illuminate/View/ViewServiceProvider.php(128): Illuminate\View\Compilers\Compiler->__construct(Object(Illuminate\Filesystem\Filesystem), false)
#1 /var/www/simpathy/vendor/laravel/framework/src/Illuminate/Container/Container.php(678): Illuminate\View\ViewServiceProvider->Illuminate\View\{closure}(Object(Illuminate\Foundation\Application))
#2 /var/www/simpathy/vendor/laravel/framework/src/Illuminate/Container/Container.php(565): Illuminate\Container\Container->build(Object(Closure))
#3 /var/www/simpathy/vendor/laravel/framework/src/Illuminate/Foundation/Application.php(702): Illuminate\Container\Container->make('blade.compiler')
#4 /var/www/simpathy/vendor/laravel/framework/src/Illuminate/Container/Container.php(1070): Illuminate\Foundation\Application->make('blade.compiler')
#5 /var/www/simpathy/vendor/laravel/framework/src/Illuminate/View/ViewServiceProvider.php(133): Illuminate\Container\Container->offsetGet('blade.compiler')
#6 [internal function]: Illuminate\View\ViewServiceProvider->Illuminate\View\{closure}()
#7 /var/www/simpathy/vendor/laravel/framework/src/Illuminate/View/Engines/EngineResolver.php(54): call_user_func(Object(Closure))
#8 /var/www/simpathy/vendor/laravel/framework/src/Illuminate/Support/Facades/Blade.php(17): Illuminate\View\Engines\EngineResolver->resolve('blade')
#9 /var/www/simpathy/vendor/laravel/framework/src/Illuminate/Support/Facades/Facade.php(128): Illuminate\Support\Facades\Blade::getFacadeAccessor()
#10 /var/www/simpathy/vendor/laravel/framework/src/Illuminate/Support/Facades/Facade.php(215): Illuminate\Support\Facades\Facade::getFacadeRoot()
#11 /var/www/simpathy/vendor/santigarcor/laratrust/src/Laratrust/LaratrustRegistersBladeDirectives.php(39): Illuminate\Support\Facades\Facade::__callStatic('directive', Array)
#12 /var/www/simpathy/vendor/santigarcor/laratrust/src/Laratrust/LaratrustRegistersBladeDirectives.php(22): Laratrust\LaratrustRegistersBladeDirectives->registerWithParenthesis()
#13 /var/www/simpathy/vendor/santigarcor/laratrust/src/Laratrust/LaratrustServiceProvider.php(82): Laratrust\LaratrustRegistersBladeDirectives->handle('5.4.15')
#14 /var/www/simpathy/vendor/santigarcor/laratrust/src/Laratrust/LaratrustServiceProvider.php(56): Laratrust\LaratrustServiceProvider->registerBladeDirectives()
#15 [internal function]: Laratrust\LaratrustServiceProvider->boot()
#16 /var/www/simpathy/vendor/laravel/framework/src/Illuminate/Container/BoundMethod.php(29): call_user_func_array(Array, Array)
#17 /var/www/simpathy/vendor/laravel/framework/src/Illuminate/Container/BoundMethod.php(87): Illuminate\Container\BoundMethod::Illuminate\Container\{closure}()
#18 /var/www/simpathy/vendor/laravel/framework/src/Illuminate/Container/BoundMethod.php(31): Illuminate\Container\BoundMethod::callBoundMethod(Object(Illuminate\Foundation\Application), Array, Object(Closure))
#19 /var/www/simpathy/vendor/laravel/framework/src/Illuminate/Container/Container.php(524): Illuminate\Container\BoundMethod::call(Object(Illuminate\Foundation\Application), Array, Array, NULL)
#20 /var/www/simpathy/vendor/laravel/framework/src/Illuminate/Foundation/Application.php(762): Illuminate\Container\Container->call(Array)
#21 /var/www/simpathy/vendor/laravel/framework/src/Illuminate/Foundation/Application.php(745): Illuminate\Foundation\Application->bootProvider(Object(Laratrust\LaratrustServiceProvider))
#22 [internal function]: Illuminate\Foundation\Application->Illuminate\Foundation\{closure}(Object(Laratrust\LaratrustServiceProvider), 20)
#23 /var/www/simpathy/vendor/laravel/framework/src/Illuminate/Foundation/Application.php(746): array_walk(Array, Object(Closure))
#24 /var/www/simpathy/vendor/laravel/framework/src/Illuminate/Foundation/Bootstrap/BootProviders.php(17): Illuminate\Foundation\Application->boot()
#25 /var/www/simpathy/vendor/laravel/framework/src/Illuminate/Foundation/Application.php(208): Illuminate\Foundation\Bootstrap\BootProviders->bootstrap(Object(Illuminate\Foundation\Application))
#26 /var/www/simpathy/vendor/laravel/framework/src/Illuminate/Foundation/Console/Kernel.php(270): Illuminate\Foundation\Application->bootstrapWith(Array)
#27 /var/www/simpathy/vendor/laravel/framework/src/Illuminate/Foundation/Console/Kernel.php(115): Illuminate\Foundation\Console\Kernel->bootstrap()
#28 /var/www/simpathy/artisan(35): Illuminate\Foundation\Console\Kernel->handle(Object(Symfony\Component\Console\Input\ArgvInput), Object(Symfony\Component\Console\Output\ConsoleOutput))
#29 {main}  
[2017-03-07 14:31:01] production.ERROR: InvalidArgumentException: Please provide a valid cache path. in /var/www/simpathy/vendor/laravel/framework/src/Illuminate/View/Compilers/Compiler.php:36
Stack trace:
#0 /var/www/simpathy/vendor/laravel/framework/src/Illuminate/View/ViewServiceProvider.php(128): Illuminate\View\Compilers\Compiler->__construct(Object(Illuminate\Filesystem\Filesystem), false)
#1 /var/www/simpathy/vendor/laravel/framework/src/Illuminate/Container/Container.php(678): Illuminate\View\ViewServiceProvider->Illuminate\View\{closure}(Object(Illuminate\Foundation\Application))
#2 /var/www/simpathy/vendor/laravel/framework/src/Illuminate/Container/Container.php(565): Illuminate\Container\Container->build(Object(Closure))
#3 /var/www/simpathy/vendor/laravel/framework/src/Illuminate/Foundation/Application.php(702): Illuminate\Container\Container->make('blade.compiler')
#4 /var/www/simpathy/vendor/laravel/framework/src/Illuminate/Container/Container.php(1070): Illuminate\Foundation\Application->make('blade.compiler')
#5 /var/www/simpathy/vendor/laravel/framework/src/Illuminate/View/ViewServiceProvider.php(133): Illuminate\Container\Container->offsetGet('blade.compiler')
#6 [internal function]: Illuminate\View\ViewServiceProvider->Illuminate\View\{closure}()
#7 /var/www/simpathy/vendor/laravel/framework/src/Illuminate/View/Engines/EngineResolver.php(54): call_user_func(Object(Closure))
#8 /var/www/simpathy/vendor/laravel/framework/src/Illuminate/Support/Facades/Blade.php(17): Illuminate\View\Engines\EngineResolver->resolve('blade')
#9 /var/www/simpathy/vendor/laravel/framework/src/Illuminate/Support/Facades/Facade.php(128): Illuminate\Support\Facades\Blade::getFacadeAccessor()
#10 /var/www/simpathy/vendor/laravel/framework/src/Illuminate/Support/Facades/Facade.php(215): Illuminate\Support\Facades\Facade::getFacadeRoot()
#11 /var/www/simpathy/vendor/santigarcor/laratrust/src/Laratrust/LaratrustRegistersBladeDirectives.php(39): Illuminate\Support\Facades\Facade::__callStatic('directive', Array)
#12 /var/www/simpathy/vendor/santigarcor/laratrust/src/Laratrust/LaratrustRegistersBladeDirectives.php(22): Laratrust\LaratrustRegistersBladeDirectives->registerWithParenthesis()
#13 /var/www/simpathy/vendor/santigarcor/laratrust/src/Laratrust/LaratrustServiceProvider.php(82): Laratrust\LaratrustRegistersBladeDirectives->handle('5.4.15')
#14 /var/www/simpathy/vendor/santigarcor/laratrust/src/Laratrust/LaratrustServiceProvider.php(56): Laratrust\LaratrustServiceProvider->registerBladeDirectives()
#15 [internal function]: Laratrust\LaratrustServiceProvider->boot()
#16 /var/www/simpathy/vendor/laravel/framework/src/Illuminate/Container/BoundMethod.php(29): call_user_func_array(Array, Array)
#17 /var/www/simpathy/vendor/laravel/framework/src/Illuminate/Container/BoundMethod.php(87): Illuminate\Container\BoundMethod::Illuminate\Container\{closure}()
#18 /var/www/simpathy/vendor/laravel/framework/src/Illuminate/Container/BoundMethod.php(31): Illuminate\Container\BoundMethod::callBoundMethod(Object(Illuminate\Foundation\Application), Array, Object(Closure))
#19 /var/www/simpathy/vendor/laravel/framework/src/Illuminate/Container/Container.php(524): Illuminate\Container\BoundMethod::call(Object(Illuminate\Foundation\Application), Array, Array, NULL)
#20 /var/www/simpathy/vendor/laravel/framework/src/Illuminate/Foundation/Application.php(762): Illuminate\Container\Container->call(Array)
#21 /var/www/simpathy/vendor/laravel/framework/src/Illuminate/Foundation/Application.php(745): Illuminate\Foundation\Application->bootProvider(Object(Laratrust\LaratrustServiceProvider))
#22 [internal function]: Illuminate\Foundation\Application->Illuminate\Foundation\{closure}(Object(Laratrust\LaratrustServiceProvider), 20)
#23 /var/www/simpathy/vendor/laravel/framework/src/Illuminate/Foundation/Application.php(746): array_walk(Array, Object(Closure))
#24 /var/www/simpathy/vendor/laravel/framework/src/Illuminate/Foundation/Bootstrap/BootProviders.php(17): Illuminate\Foundation\Application->boot()
#25 /var/www/simpathy/vendor/laravel/framework/src/Illuminate/Foundation/Application.php(208): Illuminate\Foundation\Bootstrap\BootProviders->bootstrap(Object(Illuminate\Foundation\Application))
#26 /var/www/simpathy/vendor/laravel/framework/src/Illuminate/Foundation/Console/Kernel.php(270): Illuminate\Foundation\Application->bootstrapWith(Array)
#27 /var/www/simpathy/vendor/laravel/framework/src/Illuminate/Foundation/Console/Kernel.php(115): Illuminate\Foundation\Console\Kernel->bootstrap()
#28 /var/www/simpathy/artisan(35): Illuminate\Foundation\Console\Kernel->handle(Object(Symfony\Component\Console\Input\ArgvInput), Object(Symfony\Component\Console\Output\ConsoleOutput))
#29 {main}  
